# JRE version: OpenJDK Runtime Environment (8.0_212-b03) (build 1.8.0_212-8u212-b03-0ubuntu1.16.04.1-b03)
# Java VM: OpenJDK 64-Bit Server VM (25.212-b03 mixed mode linux-amd64 compressed oops)
Heap:
 def new generation   total 314560K, used 1198K [0x00000000c0000000, 0x00000000d5550000, 0x00000000d5550000)
  eden space 279616K,   0% used [0x00000000c0000000, 0x00000000c012b9f0, 0x00000000d1110000)
  from space 34944K,   0% used [0x00000000d1110000, 0x00000000d1110000, 0x00000000d3330000)
  to   space 34944K,   0% used [0x00000000d3330000, 0x00000000d3330000, 0x00000000d5550000)
 tenured generation   total 699072K, used 59867K [0x00000000d5550000, 0x0000000100000000, 0x0000000100000000)
   the space 699072K,   8% used [0x00000000d5550000, 0x00000000d8fc6ce8, 0x00000000d8fc6e00, 0x0000000100000000)
 Metaspace       used 127666K, capacity 139466K, committed 139544K, reserved 1171456K
  class space    used 17208K, capacity 17885K, committed 17960K, reserved 1048576K
GC Heap History (10 events):
Event: 170.472 GC heap before
{Heap before GC invocations=11 (full 5):
 def new generation   total 314560K, used 178763K [0x00000000c0000000, 0x00000000d5550000, 0x00000000d5550000)
  eden space 279616K,  57% used [0x00000000c0000000, 0x00000000c9c6aef0, 0x00000000d1110000)
  from space 34944K,  53% used [0x00000000d1110000, 0x00000000d2338010, 0x00000000d3330000)
  to   space 34944K,   0% used [0x00000000d3330000, 0x00000000d3330000, 0x00000000d5550000)
 tenured generation   total 699072K, used 68857K [0x00000000d5550000, 0x0000000100000000, 0x0000000100000000)
   the space 699072K,   9% used [0x00000000d5550000, 0x00000000d988e708, 0x00000000d988e800, 0x0000000100000000)
 Metaspace       used 103047K, capacity 113843K, committed 113960K, reserved 1148928K
  class space    used 14024K, capacity 14733K, committed 14760K, reserved 1048576K
Event: 171.700 GC heap after
Heap after GC invocations=12 (full 6):
 def new generation   total 314560K, used 0K [0x00000000c0000000, 0x00000000d5550000, 0x00000000d5550000)
  eden space 279616K,   0% used [0x00000000c0000000, 0x00000000c0000000, 0x00000000d1110000)
  from space 34944K,   0% used [0x00000000d1110000, 0x00000000d1110000, 0x00000000d3330000)
  to   space 34944K,   0% used [0x00000000d3330000, 0x00000000d3330000, 0x00000000d5550000)
 tenured generation   total 699072K, used 113388K [0x00000000d5550000, 0x0000000100000000, 0x0000000100000000)
   the space 699072K,  16% used [0x00000000d5550000, 0x00000000dc40b0f0, 0x00000000dc40b200, 0x0000000100000000)
 Metaspace       used 102336K, capacity 112987K, committed 113960K, reserved 1148928K
  class space    used 13923K, capacity 14577K, committed 14760K, reserved 1048576K
}
Event: 235.569 GC heap before
{Heap before GC invocations=12 (full 6):
 def new generation   total 314560K, used 279616K [0x00000000c0000000, 0x00000000d5550000, 0x00000000d5550000)
  eden space 279616K, 100% used [0x00000000c0000000, 0x00000000d1110000, 0x00000000d1110000)
  from space 34944K,   0% used [0x00000000d1110000, 0x00000000d1110000, 0x00000000d3330000)
  to   space 34944K,   0% used [0x00000000d3330000, 0x00000000d3330000, 0x00000000d5550000)
 tenured generation   total 699072K, used 113388K [0x00000000d5550000, 0x0000000100000000, 0x0000000100000000)
   the space 699072K,  16% used [0x00000000d5550000, 0x00000000dc40b0f0, 0x00000000dc40b200, 0x0000000100000000)
 Metaspace       used 116836K, capacity 127548K, committed 128024K, reserved 1161216K
  class space    used 15882K, capacity 16529K, committed 16680K, reserved 1048576K
Event: 236.085 GC heap after
Heap after GC invocations=13 (full 6):
 def new generation   total 314560K, used 34943K [0x00000000c0000000, 0x00000000d5550000, 0x00000000d5550000)
  eden space 279616K,   0% used [0x00000000c0000000, 0x00000000c0000000, 0x00000000d1110000)
  from space 34944K,  99% used [0x00000000d3330000, 0x00000000d554fff8, 0x00000000d5550000)
  to   space 34944K,   0% used [0x00000000d1110000, 0x00000000d1110000, 0x00000000d3330000)
 tenured generation   total 699072K, used 127442K [0x00000000d5550000, 0x0000000100000000, 0x0000000100000000)
   the space 699072K,  18% used [0x00000000d5550000, 0x00000000dd1c4bd8, 0x00000000dd1c4c00, 0x0000000100000000)
 Metaspace       used 116836K, capacity 127548K, committed 128024K, reserved 1161216K
  class space    used 15882K, capacity 16529K, committed 16680K, reserved 1048576K
}
Event: 275.322 GC heap before
{Heap before GC invocations=13 (full 6):
 def new generation   total 314560K, used 314559K [0x00000000c0000000, 0x00000000d5550000, 0x00000000d5550000)
  eden space 279616K, 100% used [0x00000000c0000000, 0x00000000d1110000, 0x00000000d1110000)
  from space 34944K,  99% used [0x00000000d3330000, 0x00000000d554fff8, 0x00000000d5550000)
  to   space 34944K,   0% used [0x00000000d1110000, 0x00000000d1110000, 0x00000000d3330000)
 tenured generation   total 699072K, used 127442K [0x00000000d5550000, 0x0000000100000000, 0x0000000100000000)
   the space 699072K,  18% used [0x00000000d5550000, 0x00000000dd1c4bd8, 0x00000000dd1c4c00, 0x0000000100000000)
 Metaspace       used 122130K, capacity 132970K, committed 133272K, reserved 1165312K
  class space    used 16526K, capacity 17207K, committed 17320K, reserved 1048576K
Event: 277.149 GC heap after
Heap after GC invocations=14 (full 6):
 def new generation   total 314560K, used 34944K [0x00000000c0000000, 0x00000000d5550000, 0x00000000d5550000)
  eden space 279616K,   0% used [0x00000000c0000000, 0x00000000c0000000, 0x00000000d1110000)
  from space 34944K, 100% used [0x00000000d1110000, 0x00000000d3330000, 0x00000000d3330000)
  to   space 34944K,   0% used [0x00000000d3330000, 0x00000000d3330000, 0x00000000d5550000)
 tenured generation   total 699072K, used 199009K [0x00000000d5550000, 0x0000000100000000, 0x0000000100000000)
   the space 699072K,  28% used [0x00000000d5550000, 0x00000000e17a8440, 0x00000000e17a8600, 0x0000000100000000)
 Metaspace       used 122130K, capacity 132970K, committed 133272K, reserved 1165312K
  class space    used 16526K, capacity 17207K, committed 17320K, reserved 1048576K
}
Event: 313.387 GC heap before
{Heap before GC invocations=14 (full 6):
 def new generation   total 314560K, used 200424K [0x00000000c0000000, 0x00000000d5550000, 0x00000000d5550000)
  eden space 279616K,  59% used [0x00000000c0000000, 0x00000000ca19a0e0, 0x00000000d1110000)
  from space 34944K, 100% used [0x00000000d1110000, 0x00000000d3330000, 0x00000000d3330000)
  to   space 34944K,   0% used [0x00000000d3330000, 0x00000000d3330000, 0x00000000d5550000)
 tenured generation   total 699072K, used 199009K [0x00000000d5550000, 0x0000000100000000, 0x0000000100000000)
   the space 699072K,  28% used [0x00000000d5550000, 0x00000000e17a8440, 0x00000000e17a8600, 0x0000000100000000)
 Metaspace       used 127645K, capacity 139440K, committed 139544K, reserved 1171456K
  class space    used 17205K, capacity 17880K, committed 17960K, reserved 1048576K
Event: 315.915 GC heap after
Heap after GC invocations=15 (full 7):
 def new generation   total 314560K, used 0K [0x00000000c0000000, 0x00000000d5550000, 0x00000000d5550000)
  eden space 279616K,   0% used [0x00000000c0000000, 0x00000000c0000000, 0x00000000d1110000)
  from space 34944K,   0% used [0x00000000d1110000, 0x00000000d1110000, 0x00000000d3330000)
  to   space 34944K,   0% used [0x00000000d3330000, 0x00000000d3330000, 0x00000000d5550000)
 tenured generation   total 699072K, used 115688K [0x00000000d5550000, 0x0000000100000000, 0x0000000100000000)
   the space 699072K,  16% used [0x00000000d5550000, 0x00000000dc64a1e8, 0x00000000dc64a200, 0x0000000100000000)
 Metaspace       used 127645K, capacity 139440K, committed 139544K, reserved 1171456K
  class space    used 17205K, capacity 17880K, committed 17960K, reserved 1048576K
}
Event: 316.253 GC heap before
{Heap before GC invocations=15 (full 7):
 def new generation   total 314560K, used 1198K [0x00000000c0000000, 0x00000000d5550000, 0x00000000d5550000)
  eden space 279616K,   0% used [0x00000000c0000000, 0x00000000c012bb80, 0x00000000d1110000)
  from space 34944K,   0% used [0x00000000d1110000, 0x00000000d1110000, 0x00000000d3330000)
  to   space 34944K,   0% used [0x00000000d3330000, 0x00000000d3330000, 0x00000000d5550000)
 tenured generation   total 699072K, used 115688K [0x00000000d5550000, 0x0000000100000000, 0x0000000100000000)
   the space 699072K,  16% used [0x00000000d5550000, 0x00000000dc64a1e8, 0x00000000dc64a200, 0x0000000100000000)
 Metaspace       used 127648K, capacity 139440K, committed 139544K, reserved 1171456K
  class space    used 17205K, capacity 17880K, committed 17960K, reserved 1048576K
Event: 318.042 GC heap after
Heap after GC invocations=16 (full 8):
 def new generation   total 314560K, used 0K [0x00000000c0000000, 0x00000000d5550000, 0x00000000d5550000)
  eden space 279616K,   0% used [0x00000000c0000000, 0x00000000c0000000, 0x00000000d1110000)
  from space 34944K,   0% used [0x00000000d1110000, 0x00000000d1110000, 0x00000000d3330000)
  to   space 34944K,   0% used [0x00000000d3330000, 0x00000000d3330000, 0x00000000d5550000)
 tenured generation   total 699072K, used 59867K [0x00000000d5550000, 0x0000000100000000, 0x0000000100000000)
   the space 699072K,   8% used [0x00000000d5550000, 0x00000000d8fc6ce8, 0x00000000d8fc6e00, 0x0000000100000000)
 Metaspace       used 127648K, capacity 139440K, committed 139544K, reserved 1171456K
  class space    used 17205K, capacity 17880K, committed 17960K, reserved 1048576K
}

